  % Total    % Received % Xferd  Average Speed   Time    Time     Time  Current
                                 Dload  Upload   Total   Spent    Left  Speed
  0     0    0     0    0     0      0      0 --:--:-- --:--:-- --:--:--     0* Host ec2-18-118-101-41.us-east-2.compute.amazonaws.com:80 was resolved.
* IPv6: (none)
* IPv4: 18.118.101.41
*   Trying 18.118.101.41:80...
* Connected to ec2-18-118-101-41.us-east-2.compute.amazonaws.com (18.118.101.41) port 80
> GET /accounts/login/ HTTP/1.1
> Host: ec2-18-118-101-41.us-east-2.compute.amazonaws.com
> User-Agent: curl/8.7.1
> Accept: */*
> 
* Request completely sent off
< HTTP/1.1 200 OK
< Server: nginx/1.24.0 (Ubuntu)
< Date: Sun, 22 Sep 2024 21:09:07 GMT
< Content-Type: text/html; charset=utf-8
< Content-Length: 1189
< Connection: keep-alive
< Vary: Cookie
< 
{ [1189 bytes data]
100  1189  100  1189    0     0  16955      0 --:--:-- --:--:-- --:--:-- 16985
* Connection #0 to host ec2-18-118-101-41.us-east-2.compute.amazonaws.com left intact
